<?xml version="1.0" encoding="UTF-8"?>
<testsuite name="com.bridgelabz.MoodAnalyserTest" tests="3" skipped="0" failures="0" errors="0" timestamp="2022-08-21T05:31:07" hostname="DESKTOP-42C79FL" time="0.045">
  <properties/>
  <testcase name="testMoodAnalyze_ForHappyMood()" classname="com.bridgelabz.MoodAnalyserTest" time="0.041"/>
  <testcase name="testMoodAnalyze_ForSadMood()" classname="com.bridgelabz.MoodAnalyserTest" time="0.001"/>
  <testcase name="testMoodAnalyze_ForInvalidMood()" classname="com.bridgelabz.MoodAnalyserTest" time="0.001"/>
  <system-out><![CDATA[]]></system-out>
  <system-err><![CDATA[]]></system-err>
</testsuite>
